<?xml version="1.0" encoding="UTF-8"?>
<testsuite xmlns:xsi="http://www.w3.org/2001/XMLSchema-instance" xsi:noNamespaceSchemaLocation="https://maven.apache.org/surefire/maven-surefire-plugin/xsd/surefire-test-report-3.0.xsd" version="3.0" name="org.springframework.samples.petclinic.MySqlIntegrationTests" time="16.036" tests="2" errors="0" skipped="0" failures="0">
  <properties>
    <property name="git.tags" value=""/>
    <property name="java.specification.version" value="17"/>
    <property name="sun.jnu.encoding" value="UTF-8"/>
    <property name="git.build.version" value="3.1.0-SNAPSHOT"/>
    <property name="java.class.path" value="/var/lib/jenkins/workspace/DevOpsProject/target/test-classes:/var/lib/jenkins/workspace/DevOpsProject/target/classes:/var/lib/jenkins/.m2/repository/org/springframework/boot/spring-boot-starter-actuator/3.1.3/spring-boot-starter-actuator-3.1.3.jar:/var/lib/jenkins/.m2/repository/org/springframework/boot/spring-boot-starter/3.1.3/spring-boot-starter-3.1.3.jar:/var/lib/jenkins/.m2/repository/org/springframework/boot/spring-boot-starter-logging/3.1.3/spring-boot-starter-logging-3.1.3.jar:/var/lib/jenkins/.m2/repository/ch/qos/logback/logback-classic/1.4.11/logback-classic-1.4.11.jar:/var/lib/jenkins/.m2/repository/ch/qos/logback/logback-core/1.4.11/logback-core-1.4.11.jar:/var/lib/jenkins/.m2/repository/org/apache/logging/log4j/log4j-to-slf4j/2.20.0/log4j-to-slf4j-2.20.0.jar:/var/lib/jenkins/.m2/repository/org/apache/logging/log4j/log4j-api/2.20.0/log4j-api-2.20.0.jar:/var/lib/jenkins/.m2/repository/org/slf4j/jul-to-slf4j/2.0.7/jul-to-slf4j-2.0.7.jar:/var/lib/jenkins/.m2/repository/jakarta/annotation/jakarta.annotation-api/2.1.1/jakarta.annotation-api-2.1.1.jar:/var/lib/jenkins/.m2/repository/org/yaml/snakeyaml/1.33/snakeyaml-1.33.jar:/var/lib/jenkins/.m2/repository/org/springframework/boot/spring-boot-actuator-autoconfigure/3.1.3/spring-boot-actuator-autoconfigure-3.1.3.jar:/var/lib/jenkins/.m2/repository/org/springframework/boot/spring-boot-actuator/3.1.3/spring-boot-actuator-3.1.3.jar:/var/lib/jenkins/.m2/repository/com/fasterxml/jackson/datatype/jackson-datatype-jsr310/2.15.2/jackson-datatype-jsr310-2.15.2.jar:/var/lib/jenkins/.m2/repository/io/micrometer/micrometer-observation/1.11.3/micrometer-observation-1.11.3.jar:/var/lib/jenkins/.m2/repository/io/micrometer/micrometer-commons/1.11.3/micrometer-commons-1.11.3.jar:/var/lib/jenkins/.m2/repository/io/micrometer/micrometer-core/1.11.3/micrometer-core-1.11.3.jar:/var/lib/jenkins/.m2/repository/org/hdrhistogram/HdrHistogram/2.1.12/HdrHistogram-2.1.12.jar:/var/lib/jenkins/.m2/repository/org/latencyutils/LatencyUtils/2.0.3/LatencyUtils-2.0.3.jar:/var/lib/jenkins/.m2/repository/org/springframework/boot/spring-boot-starter-cache/3.1.3/spring-boot-starter-cache-3.1.3.jar:/var/lib/jenkins/.m2/repository/org/springframework/spring-context-support/6.0.11/spring-context-support-6.0.11.jar:/var/lib/jenkins/.m2/repository/org/springframework/spring-beans/6.0.11/spring-beans-6.0.11.jar:/var/lib/jenkins/.m2/repository/org/springframework/spring-context/6.0.11/spring-context-6.0.11.jar:/var/lib/jenkins/.m2/repository/org/springframework/boot/spring-boot-starter-data-jpa/3.1.3/spring-boot-starter-data-jpa-3.1.3.jar:/var/lib/jenkins/.m2/repository/org/springframework/boot/spring-boot-starter-aop/3.1.3/spring-boot-starter-aop-3.1.3.jar:/var/lib/jenkins/.m2/repository/org/springframework/spring-aop/6.0.11/spring-aop-6.0.11.jar:/var/lib/jenkins/.m2/repository/org/aspectj/aspectjweaver/1.9.20/aspectjweaver-1.9.20.jar:/var/lib/jenkins/.m2/repository/org/springframework/boot/spring-boot-starter-jdbc/3.1.3/spring-boot-starter-jdbc-3.1.3.jar:/var/lib/jenkins/.m2/repository/com/zaxxer/HikariCP/5.0.1/HikariCP-5.0.1.jar:/var/lib/jenkins/.m2/repository/org/springframework/spring-jdbc/6.0.11/spring-jdbc-6.0.11.jar:/var/lib/jenkins/.m2/repository/org/hibernate/orm/hibernate-core/6.2.7.Final/hibernate-core-6.2.7.Final.jar:/var/lib/jenkins/.m2/repository/jakarta/persistence/jakarta.persistence-api/3.1.0/jakarta.persistence-api-3.1.0.jar:/var/lib/jenkins/.m2/repository/jakarta/transaction/jakarta.transaction-api/2.0.1/jakarta.transaction-api-2.0.1.jar:/var/lib/jenkins/.m2/repository/org/jboss/logging/jboss-logging/3.5.3.Final/jboss-logging-3.5.3.Final.jar:/var/lib/jenkins/.m2/repository/org/hibernate/common/hibernate-commons-annotations/6.0.6.Final/hibernate-commons-annotations-6.0.6.Final.jar:/var/lib/jenkins/.m2/repository/io/smallrye/jandex/3.0.5/jandex-3.0.5.jar:/var/lib/jenkins/.m2/repository/com/fasterxml/classmate/1.5.1/classmate-1.5.1.jar:/var/lib/jenkins/.m2/repository/net/bytebuddy/byte-buddy/1.14.6/byte-buddy-1.14.6.jar:/var/lib/jenkins/.m2/repository/org/glassfish/jaxb/jaxb-runtime/4.0.3/jaxb-runtime-4.0.3.jar:/var/lib/jenkins/.m2/repository/org/glassfish/jaxb/jaxb-core/4.0.3/jaxb-core-4.0.3.jar:/var/lib/jenkins/.m2/repository/org/eclipse/angus/angus-activation/2.0.1/angus-activation-2.0.1.jar:/var/lib/jenkins/.m2/repository/org/glassfish/jaxb/txw2/4.0.3/txw2-4.0.3.jar:/var/lib/jenkins/.m2/repository/com/sun/istack/istack-commons-runtime/4.1.2/istack-commons-runtime-4.1.2.jar:/var/lib/jenkins/.m2/repository/jakarta/inject/jakarta.inject-api/2.0.1/jakarta.inject-api-2.0.1.jar:/var/lib/jenkins/.m2/repository/org/antlr/antlr4-runtime/4.10.1/antlr4-runtime-4.10.1.jar:/var/lib/jenkins/.m2/repository/org/springframework/data/spring-data-jpa/3.1.3/spring-data-jpa-3.1.3.jar:/var/lib/jenkins/.m2/repository/org/springframework/data/spring-data-commons/3.1.3/spring-data-commons-3.1.3.jar:/var/lib/jenkins/.m2/repository/org/springframework/spring-orm/6.0.11/spring-orm-6.0.11.jar:/var/lib/jenkins/.m2/repository/org/springframework/spring-tx/6.0.11/spring-tx-6.0.11.jar:/var/lib/jenkins/.m2/repository/org/slf4j/slf4j-api/2.0.7/slf4j-api-2.0.7.jar:/var/lib/jenkins/.m2/repository/org/springframework/spring-aspects/6.0.11/spring-aspects-6.0.11.jar:/var/lib/jenkins/.m2/repository/org/springframework/boot/spring-boot-starter-web/3.1.3/spring-boot-starter-web-3.1.3.jar:/var/lib/jenkins/.m2/repository/org/springframework/boot/spring-boot-starter-json/3.1.3/spring-boot-starter-json-3.1.3.jar:/var/lib/jenkins/.m2/repository/com/fasterxml/jackson/datatype/jackson-datatype-jdk8/2.15.2/jackson-datatype-jdk8-2.15.2.jar:/var/lib/jenkins/.m2/repository/org/springframework/boot/spring-boot-starter-tomcat/3.1.3/spring-boot-starter-tomcat-3.1.3.jar:/var/lib/jenkins/.m2/repository/org/apache/tomcat/embed/tomcat-embed-core/10.1.12/tomcat-embed-core-10.1.12.jar:/var/lib/jenkins/.m2/repository/org/apache/tomcat/embed/tomcat-embed-websocket/10.1.12/tomcat-embed-websocket-10.1.12.jar:/var/lib/jenkins/.m2/repository/org/springframework/spring-web/6.0.11/spring-web-6.0.11.jar:/var/lib/jenkins/.m2/repository/org/springframework/spring-webmvc/6.0.11/spring-webmvc-6.0.11.jar:/var/lib/jenkins/.m2/repository/org/springframework/spring-expression/6.0.11/spring-expression-6.0.11.jar:/var/lib/jenkins/.m2/repository/org/springframework/boot/spring-boot-starter-validation/3.1.3/spring-boot-starter-validation-3.1.3.jar:/var/lib/jenkins/.m2/repository/org/apache/tomcat/embed/tomcat-embed-el/10.1.12/tomcat-embed-el-10.1.12.jar:/var/lib/jenkins/.m2/repository/org/hibernate/validator/hibernate-validator/8.0.1.Final/hibernate-validator-8.0.1.Final.jar:/var/lib/jenkins/.m2/repository/jakarta/validation/jakarta.validation-api/3.0.2/jakarta.validation-api-3.0.2.jar:/var/lib/jenkins/.m2/repository/org/springframework/boot/spring-boot-starter-thymeleaf/3.1.3/spring-boot-starter-thymeleaf-3.1.3.jar:/var/lib/jenkins/.m2/repository/org/thymeleaf/thymeleaf-spring6/3.1.2.RELEASE/thymeleaf-spring6-3.1.2.RELEASE.jar:/var/lib/jenkins/.m2/repository/org/thymeleaf/thymeleaf/3.1.2.RELEASE/thymeleaf-3.1.2.RELEASE.jar:/var/lib/jenkins/.m2/repository/org/attoparser/attoparser/2.0.7.RELEASE/attoparser-2.0.7.RELEASE.jar:/var/lib/jenkins/.m2/repository/org/unbescape/unbescape/1.1.6.RELEASE/unbescape-1.1.6.RELEASE.jar:/var/lib/jenkins/.m2/repository/org/springframework/boot/spring-boot-starter-test/3.1.3/spring-boot-starter-test-3.1.3.jar:/var/lib/jenkins/.m2/repository/org/springframework/boot/spring-boot-test/3.1.3/spring-boot-test-3.1.3.jar:/var/lib/jenkins/.m2/repository/org/springframework/boot/spring-boot-test-autoconfigure/3.1.3/spring-boot-test-autoconfigure-3.1.3.jar:/var/lib/jenkins/.m2/repository/com/jayway/jsonpath/json-path/2.8.0/json-path-2.8.0.jar:/var/lib/jenkins/.m2/repository/net/minidev/json-smart/2.4.11/json-smart-2.4.11.jar:/var/lib/jenkins/.m2/repository/net/minidev/accessors-smart/2.4.11/accessors-smart-2.4.11.jar:/var/lib/jenkins/.m2/repository/org/ow2/asm/asm/9.3/asm-9.3.jar:/var/lib/jenkins/.m2/repository/org/assertj/assertj-core/3.24.2/assertj-core-3.24.2.jar:/var/lib/jenkins/.m2/repository/org/hamcrest/hamcrest/2.2/hamcrest-2.2.jar:/var/lib/jenkins/.m2/repository/org/junit/jupiter/junit-jupiter/5.9.3/junit-jupiter-5.9.3.jar:/var/lib/jenkins/.m2/repository/org/junit/jupiter/junit-jupiter-api/5.9.3/junit-jupiter-api-5.9.3.jar:/var/lib/jenkins/.m2/repository/org/opentest4j/opentest4j/1.2.0/opentest4j-1.2.0.jar:/var/lib/jenkins/.m2/repository/org/junit/platform/junit-platform-commons/1.9.3/junit-platform-commons-1.9.3.jar:/var/lib/jenkins/.m2/repository/org/apiguardian/apiguardian-api/1.1.2/apiguardian-api-1.1.2.jar:/var/lib/jenkins/.m2/repository/org/junit/jupiter/junit-jupiter-params/5.9.3/junit-jupiter-params-5.9.3.jar:/var/lib/jenkins/.m2/repository/org/junit/jupiter/junit-jupiter-engine/5.9.3/junit-jupiter-engine-5.9.3.jar:/var/lib/jenkins/.m2/repository/org/junit/platform/junit-platform-engine/1.9.3/junit-platform-engine-1.9.3.jar:/var/lib/jenkins/.m2/repository/org/mockito/mockito-core/5.3.1/mockito-core-5.3.1.jar:/var/lib/jenkins/.m2/repository/net/bytebuddy/byte-buddy-agent/1.14.6/byte-buddy-agent-1.14.6.jar:/var/lib/jenkins/.m2/repository/org/objenesis/objenesis/3.3/objenesis-3.3.jar:/var/lib/jenkins/.m2/repository/org/mockito/mockito-junit-jupiter/5.3.1/mockito-junit-jupiter-5.3.1.jar:/var/lib/jenkins/.m2/repository/org/skyscreamer/jsonassert/1.5.1/jsonassert-1.5.1.jar:/var/lib/jenkins/.m2/repository/com/vaadin/external/google/android-json/0.0.20131108.vaadin1/android-json-0.0.20131108.vaadin1.jar:/var/lib/jenkins/.m2/repository/org/springframework/spring-core/6.0.11/spring-core-6.0.11.jar:/var/lib/jenkins/.m2/repository/org/springframework/spring-jcl/6.0.11/spring-jcl-6.0.11.jar:/var/lib/jenkins/.m2/repository/org/springframework/spring-test/6.0.11/spring-test-6.0.11.jar:/var/lib/jenkins/.m2/repository/org/xmlunit/xmlunit-core/2.9.1/xmlunit-core-2.9.1.jar:/var/lib/jenkins/.m2/repository/com/h2database/h2/2.1.214/h2-2.1.214.jar:/var/lib/jenkins/.m2/repository/com/mysql/mysql-connector-j/8.0.33/mysql-connector-j-8.0.33.jar:/var/lib/jenkins/.m2/repository/org/postgresql/postgresql/42.6.0/postgresql-42.6.0.jar:/var/lib/jenkins/.m2/repository/org/checkerframework/checker-qual/3.31.0/checker-qual-3.31.0.jar:/var/lib/jenkins/.m2/repository/javax/cache/cache-api/1.1.1/cache-api-1.1.1.jar:/var/lib/jenkins/.m2/repository/com/github/ben-manes/caffeine/caffeine/3.1.8/caffeine-3.1.8.jar:/var/lib/jenkins/.m2/repository/com/google/errorprone/error_prone_annotations/2.21.1/error_prone_annotations-2.21.1.jar:/var/lib/jenkins/.m2/repository/org/webjars/npm/bootstrap/5.2.3/bootstrap-5.2.3.jar:/var/lib/jenkins/.m2/repository/org/webjars/npm/font-awesome/4.7.0/font-awesome-4.7.0.jar:/var/lib/jenkins/.m2/repository/org/springframework/boot/spring-boot-devtools/3.1.3/spring-boot-devtools-3.1.3.jar:/var/lib/jenkins/.m2/repository/org/springframework/boot/spring-boot/3.1.3/spring-boot-3.1.3.jar:/var/lib/jenkins/.m2/repository/org/springframework/boot/spring-boot-autoconfigure/3.1.3/spring-boot-autoconfigure-3.1.3.jar:/var/lib/jenkins/.m2/repository/org/springframework/boot/spring-boot-testcontainers/3.1.3/spring-boot-testcontainers-3.1.3.jar:/var/lib/jenkins/.m2/repository/org/testcontainers/testcontainers/1.18.3/testcontainers-1.18.3.jar:/var/lib/jenkins/.m2/repository/junit/junit/4.13.2/junit-4.13.2.jar:/var/lib/jenkins/.m2/repository/org/hamcrest/hamcrest-core/2.2/hamcrest-core-2.2.jar:/var/lib/jenkins/.m2/repository/org/apache/commons/commons-compress/1.23.0/commons-compress-1.23.0.jar:/var/lib/jenkins/.m2/repository/org/rnorth/duct-tape/duct-tape/1.0.8/duct-tape-1.0.8.jar:/var/lib/jenkins/.m2/repository/org/jetbrains/annotations/17.0.0/annotations-17.0.0.jar:/var/lib/jenkins/.m2/repository/com/github/docker-java/docker-java-api/3.3.0/docker-java-api-3.3.0.jar:/var/lib/jenkins/.m2/repository/com/github/docker-java/docker-java-transport-zerodep/3.3.0/docker-java-transport-zerodep-3.3.0.jar:/var/lib/jenkins/.m2/repository/com/github/docker-java/docker-java-transport/3.3.0/docker-java-transport-3.3.0.jar:/var/lib/jenkins/.m2/repository/net/java/dev/jna/jna/5.12.1/jna-5.12.1.jar:/var/lib/jenkins/.m2/repository/org/springframework/boot/spring-boot-docker-compose/3.1.3/spring-boot-docker-compose-3.1.3.jar:/var/lib/jenkins/.m2/repository/com/fasterxml/jackson/core/jackson-databind/2.15.2/jackson-databind-2.15.2.jar:/var/lib/jenkins/.m2/repository/com/fasterxml/jackson/core/jackson-annotations/2.15.2/jackson-annotations-2.15.2.jar:/var/lib/jenkins/.m2/repository/com/fasterxml/jackson/core/jackson-core/2.15.2/jackson-core-2.15.2.jar:/var/lib/jenkins/.m2/repository/com/fasterxml/jackson/module/jackson-module-parameter-names/2.15.2/jackson-module-parameter-names-2.15.2.jar:/var/lib/jenkins/.m2/repository/org/testcontainers/junit-jupiter/1.18.3/junit-jupiter-1.18.3.jar:/var/lib/jenkins/.m2/repository/org/testcontainers/mysql/1.18.3/mysql-1.18.3.jar:/var/lib/jenkins/.m2/repository/org/testcontainers/jdbc/1.18.3/jdbc-1.18.3.jar:/var/lib/jenkins/.m2/repository/org/testcontainers/database-commons/1.18.3/database-commons-1.18.3.jar:/var/lib/jenkins/.m2/repository/jakarta/xml/bind/jakarta.xml.bind-api/4.0.0/jakarta.xml.bind-api-4.0.0.jar:/var/lib/jenkins/.m2/repository/jakarta/activation/jakarta.activation-api/2.1.2/jakarta.activation-api-2.1.2.jar:"/>
    <property name="git.branch" value="main"/>
    <property name="git.build.host" value="MAO"/>
    <property name="java.vm.vendor" value="Eclipse Adoptium"/>
    <property name="sun.arch.data.model" value="64"/>
    <property name="git.build.number" value="57"/>
    <property name="git.commit.id" value="923e2b7aa331b8194a6579da99fb6388f15d7f3e"/>
    <property name="java.vendor.url" value="https://adoptium.net/"/>
    <property name="catalina.useNaming" value="false"/>
    <property name="user.timezone" value="Europe/London"/>
    <property name="org.jboss.logging.provider" value="slf4j"/>
    <property name="java.vm.specification.version" value="17"/>
    <property name="os.name" value="Linux"/>
    <property name="git.commit.author.time" value="2023-09-12T13:16:30+0100"/>
    <property name="sun.java.launcher" value="SUN_STANDARD"/>
    <property name="git.build.user.name" value=""/>
    <property name="sun.boot.library.path" value="/var/lib/jenkins/tools/hudson.model.JDK/jdk17/lib"/>
    <property name="sun.java.command" value="/var/lib/jenkins/workspace/DevOpsProject/target/surefire/surefirebooter-20231010164154526_3.jar /var/lib/jenkins/workspace/DevOpsProject/target/surefire 2023-10-10T16-41-54_489-jvmRun1 surefire-20231010164154526_1tmp surefire_0-20231010164154526_2tmp"/>
    <property name="jdk.debug" value="release"/>
    <property name="surefire.test.class.path" value="/var/lib/jenkins/workspace/DevOpsProject/target/test-classes:/var/lib/jenkins/workspace/DevOpsProject/target/classes:/var/lib/jenkins/.m2/repository/org/springframework/boot/spring-boot-starter-actuator/3.1.3/spring-boot-starter-actuator-3.1.3.jar:/var/lib/jenkins/.m2/repository/org/springframework/boot/spring-boot-starter/3.1.3/spring-boot-starter-3.1.3.jar:/var/lib/jenkins/.m2/repository/org/springframework/boot/spring-boot-starter-logging/3.1.3/spring-boot-starter-logging-3.1.3.jar:/var/lib/jenkins/.m2/repository/ch/qos/logback/logback-classic/1.4.11/logback-classic-1.4.11.jar:/var/lib/jenkins/.m2/repository/ch/qos/logback/logback-core/1.4.11/logback-core-1.4.11.jar:/var/lib/jenkins/.m2/repository/org/apache/logging/log4j/log4j-to-slf4j/2.20.0/log4j-to-slf4j-2.20.0.jar:/var/lib/jenkins/.m2/repository/org/apache/logging/log4j/log4j-api/2.20.0/log4j-api-2.20.0.jar:/var/lib/jenkins/.m2/repository/org/slf4j/jul-to-slf4j/2.0.7/jul-to-slf4j-2.0.7.jar:/var/lib/jenkins/.m2/repository/jakarta/annotation/jakarta.annotation-api/2.1.1/jakarta.annotation-api-2.1.1.jar:/var/lib/jenkins/.m2/repository/org/yaml/snakeyaml/1.33/snakeyaml-1.33.jar:/var/lib/jenkins/.m2/repository/org/springframework/boot/spring-boot-actuator-autoconfigure/3.1.3/spring-boot-actuator-autoconfigure-3.1.3.jar:/var/lib/jenkins/.m2/repository/org/springframework/boot/spring-boot-actuator/3.1.3/spring-boot-actuator-3.1.3.jar:/var/lib/jenkins/.m2/repository/com/fasterxml/jackson/datatype/jackson-datatype-jsr310/2.15.2/jackson-datatype-jsr310-2.15.2.jar:/var/lib/jenkins/.m2/repository/io/micrometer/micrometer-observation/1.11.3/micrometer-observation-1.11.3.jar:/var/lib/jenkins/.m2/repository/io/micrometer/micrometer-commons/1.11.3/micrometer-commons-1.11.3.jar:/var/lib/jenkins/.m2/repository/io/micrometer/micrometer-core/1.11.3/micrometer-core-1.11.3.jar:/var/lib/jenkins/.m2/repository/org/hdrhistogram/HdrHistogram/2.1.12/HdrHistogram-2.1.12.jar:/var/lib/jenkins/.m2/repository/org/latencyutils/LatencyUtils/2.0.3/LatencyUtils-2.0.3.jar:/var/lib/jenkins/.m2/repository/org/springframework/boot/spring-boot-starter-cache/3.1.3/spring-boot-starter-cache-3.1.3.jar:/var/lib/jenkins/.m2/repository/org/springframework/spring-context-support/6.0.11/spring-context-support-6.0.11.jar:/var/lib/jenkins/.m2/repository/org/springframework/spring-beans/6.0.11/spring-beans-6.0.11.jar:/var/lib/jenkins/.m2/repository/org/springframework/spring-context/6.0.11/spring-context-6.0.11.jar:/var/lib/jenkins/.m2/repository/org/springframework/boot/spring-boot-starter-data-jpa/3.1.3/spring-boot-starter-data-jpa-3.1.3.jar:/var/lib/jenkins/.m2/repository/org/springframework/boot/spring-boot-starter-aop/3.1.3/spring-boot-starter-aop-3.1.3.jar:/var/lib/jenkins/.m2/repository/org/springframework/spring-aop/6.0.11/spring-aop-6.0.11.jar:/var/lib/jenkins/.m2/repository/org/aspectj/aspectjweaver/1.9.20/aspectjweaver-1.9.20.jar:/var/lib/jenkins/.m2/repository/org/springframework/boot/spring-boot-starter-jdbc/3.1.3/spring-boot-starter-jdbc-3.1.3.jar:/var/lib/jenkins/.m2/repository/com/zaxxer/HikariCP/5.0.1/HikariCP-5.0.1.jar:/var/lib/jenkins/.m2/repository/org/springframework/spring-jdbc/6.0.11/spring-jdbc-6.0.11.jar:/var/lib/jenkins/.m2/repository/org/hibernate/orm/hibernate-core/6.2.7.Final/hibernate-core-6.2.7.Final.jar:/var/lib/jenkins/.m2/repository/jakarta/persistence/jakarta.persistence-api/3.1.0/jakarta.persistence-api-3.1.0.jar:/var/lib/jenkins/.m2/repository/jakarta/transaction/jakarta.transaction-api/2.0.1/jakarta.transaction-api-2.0.1.jar:/var/lib/jenkins/.m2/repository/org/jboss/logging/jboss-logging/3.5.3.Final/jboss-logging-3.5.3.Final.jar:/var/lib/jenkins/.m2/repository/org/hibernate/common/hibernate-commons-annotations/6.0.6.Final/hibernate-commons-annotations-6.0.6.Final.jar:/var/lib/jenkins/.m2/repository/io/smallrye/jandex/3.0.5/jandex-3.0.5.jar:/var/lib/jenkins/.m2/repository/com/fasterxml/classmate/1.5.1/classmate-1.5.1.jar:/var/lib/jenkins/.m2/repository/net/bytebuddy/byte-buddy/1.14.6/byte-buddy-1.14.6.jar:/var/lib/jenkins/.m2/repository/org/glassfish/jaxb/jaxb-runtime/4.0.3/jaxb-runtime-4.0.3.jar:/var/lib/jenkins/.m2/repository/org/glassfish/jaxb/jaxb-core/4.0.3/jaxb-core-4.0.3.jar:/var/lib/jenkins/.m2/repository/org/eclipse/angus/angus-activation/2.0.1/angus-activation-2.0.1.jar:/var/lib/jenkins/.m2/repository/org/glassfish/jaxb/txw2/4.0.3/txw2-4.0.3.jar:/var/lib/jenkins/.m2/repository/com/sun/istack/istack-commons-runtime/4.1.2/istack-commons-runtime-4.1.2.jar:/var/lib/jenkins/.m2/repository/jakarta/inject/jakarta.inject-api/2.0.1/jakarta.inject-api-2.0.1.jar:/var/lib/jenkins/.m2/repository/org/antlr/antlr4-runtime/4.10.1/antlr4-runtime-4.10.1.jar:/var/lib/jenkins/.m2/repository/org/springframework/data/spring-data-jpa/3.1.3/spring-data-jpa-3.1.3.jar:/var/lib/jenkins/.m2/repository/org/springframework/data/spring-data-commons/3.1.3/spring-data-commons-3.1.3.jar:/var/lib/jenkins/.m2/repository/org/springframework/spring-orm/6.0.11/spring-orm-6.0.11.jar:/var/lib/jenkins/.m2/repository/org/springframework/spring-tx/6.0.11/spring-tx-6.0.11.jar:/var/lib/jenkins/.m2/repository/org/slf4j/slf4j-api/2.0.7/slf4j-api-2.0.7.jar:/var/lib/jenkins/.m2/repository/org/springframework/spring-aspects/6.0.11/spring-aspects-6.0.11.jar:/var/lib/jenkins/.m2/repository/org/springframework/boot/spring-boot-starter-web/3.1.3/spring-boot-starter-web-3.1.3.jar:/var/lib/jenkins/.m2/repository/org/springframework/boot/spring-boot-starter-json/3.1.3/spring-boot-starter-json-3.1.3.jar:/var/lib/jenkins/.m2/repository/com/fasterxml/jackson/datatype/jackson-datatype-jdk8/2.15.2/jackson-datatype-jdk8-2.15.2.jar:/var/lib/jenkins/.m2/repository/org/springframework/boot/spring-boot-starter-tomcat/3.1.3/spring-boot-starter-tomcat-3.1.3.jar:/var/lib/jenkins/.m2/repository/org/apache/tomcat/embed/tomcat-embed-core/10.1.12/tomcat-embed-core-10.1.12.jar:/var/lib/jenkins/.m2/repository/org/apache/tomcat/embed/tomcat-embed-websocket/10.1.12/tomcat-embed-websocket-10.1.12.jar:/var/lib/jenkins/.m2/repository/org/springframework/spring-web/6.0.11/spring-web-6.0.11.jar:/var/lib/jenkins/.m2/repository/org/springframework/spring-webmvc/6.0.11/spring-webmvc-6.0.11.jar:/var/lib/jenkins/.m2/repository/org/springframework/spring-expression/6.0.11/spring-expression-6.0.11.jar:/var/lib/jenkins/.m2/repository/org/springframework/boot/spring-boot-starter-validation/3.1.3/spring-boot-starter-validation-3.1.3.jar:/var/lib/jenkins/.m2/repository/org/apache/tomcat/embed/tomcat-embed-el/10.1.12/tomcat-embed-el-10.1.12.jar:/var/lib/jenkins/.m2/repository/org/hibernate/validator/hibernate-validator/8.0.1.Final/hibernate-validator-8.0.1.Final.jar:/var/lib/jenkins/.m2/repository/jakarta/validation/jakarta.validation-api/3.0.2/jakarta.validation-api-3.0.2.jar:/var/lib/jenkins/.m2/repository/org/springframework/boot/spring-boot-starter-thymeleaf/3.1.3/spring-boot-starter-thymeleaf-3.1.3.jar:/var/lib/jenkins/.m2/repository/org/thymeleaf/thymeleaf-spring6/3.1.2.RELEASE/thymeleaf-spring6-3.1.2.RELEASE.jar:/var/lib/jenkins/.m2/repository/org/thymeleaf/thymeleaf/3.1.2.RELEASE/thymeleaf-3.1.2.RELEASE.jar:/var/lib/jenkins/.m2/repository/org/attoparser/attoparser/2.0.7.RELEASE/attoparser-2.0.7.RELEASE.jar:/var/lib/jenkins/.m2/repository/org/unbescape/unbescape/1.1.6.RELEASE/unbescape-1.1.6.RELEASE.jar:/var/lib/jenkins/.m2/repository/org/springframework/boot/spring-boot-starter-test/3.1.3/spring-boot-starter-test-3.1.3.jar:/var/lib/jenkins/.m2/repository/org/springframework/boot/spring-boot-test/3.1.3/spring-boot-test-3.1.3.jar:/var/lib/jenkins/.m2/repository/org/springframework/boot/spring-boot-test-autoconfigure/3.1.3/spring-boot-test-autoconfigure-3.1.3.jar:/var/lib/jenkins/.m2/repository/com/jayway/jsonpath/json-path/2.8.0/json-path-2.8.0.jar:/var/lib/jenkins/.m2/repository/net/minidev/json-smart/2.4.11/json-smart-2.4.11.jar:/var/lib/jenkins/.m2/repository/net/minidev/accessors-smart/2.4.11/accessors-smart-2.4.11.jar:/var/lib/jenkins/.m2/repository/org/ow2/asm/asm/9.3/asm-9.3.jar:/var/lib/jenkins/.m2/repository/org/assertj/assertj-core/3.24.2/assertj-core-3.24.2.jar:/var/lib/jenkins/.m2/repository/org/hamcrest/hamcrest/2.2/hamcrest-2.2.jar:/var/lib/jenkins/.m2/repository/org/junit/jupiter/junit-jupiter/5.9.3/junit-jupiter-5.9.3.jar:/var/lib/jenkins/.m2/repository/org/junit/jupiter/junit-jupiter-api/5.9.3/junit-jupiter-api-5.9.3.jar:/var/lib/jenkins/.m2/repository/org/opentest4j/opentest4j/1.2.0/opentest4j-1.2.0.jar:/var/lib/jenkins/.m2/repository/org/junit/platform/junit-platform-commons/1.9.3/junit-platform-commons-1.9.3.jar:/var/lib/jenkins/.m2/repository/org/apiguardian/apiguardian-api/1.1.2/apiguardian-api-1.1.2.jar:/var/lib/jenkins/.m2/repository/org/junit/jupiter/junit-jupiter-params/5.9.3/junit-jupiter-params-5.9.3.jar:/var/lib/jenkins/.m2/repository/org/junit/jupiter/junit-jupiter-engine/5.9.3/junit-jupiter-engine-5.9.3.jar:/var/lib/jenkins/.m2/repository/org/junit/platform/junit-platform-engine/1.9.3/junit-platform-engine-1.9.3.jar:/var/lib/jenkins/.m2/repository/org/mockito/mockito-core/5.3.1/mockito-core-5.3.1.jar:/var/lib/jenkins/.m2/repository/net/bytebuddy/byte-buddy-agent/1.14.6/byte-buddy-agent-1.14.6.jar:/var/lib/jenkins/.m2/repository/org/objenesis/objenesis/3.3/objenesis-3.3.jar:/var/lib/jenkins/.m2/repository/org/mockito/mockito-junit-jupiter/5.3.1/mockito-junit-jupiter-5.3.1.jar:/var/lib/jenkins/.m2/repository/org/skyscreamer/jsonassert/1.5.1/jsonassert-1.5.1.jar:/var/lib/jenkins/.m2/repository/com/vaadin/external/google/android-json/0.0.20131108.vaadin1/android-json-0.0.20131108.vaadin1.jar:/var/lib/jenkins/.m2/repository/org/springframework/spring-core/6.0.11/spring-core-6.0.11.jar:/var/lib/jenkins/.m2/repository/org/springframework/spring-jcl/6.0.11/spring-jcl-6.0.11.jar:/var/lib/jenkins/.m2/repository/org/springframework/spring-test/6.0.11/spring-test-6.0.11.jar:/var/lib/jenkins/.m2/repository/org/xmlunit/xmlunit-core/2.9.1/xmlunit-core-2.9.1.jar:/var/lib/jenkins/.m2/repository/com/h2database/h2/2.1.214/h2-2.1.214.jar:/var/lib/jenkins/.m2/repository/com/mysql/mysql-connector-j/8.0.33/mysql-connector-j-8.0.33.jar:/var/lib/jenkins/.m2/repository/org/postgresql/postgresql/42.6.0/postgresql-42.6.0.jar:/var/lib/jenkins/.m2/repository/org/checkerframework/checker-qual/3.31.0/checker-qual-3.31.0.jar:/var/lib/jenkins/.m2/repository/javax/cache/cache-api/1.1.1/cache-api-1.1.1.jar:/var/lib/jenkins/.m2/repository/com/github/ben-manes/caffeine/caffeine/3.1.8/caffeine-3.1.8.jar:/var/lib/jenkins/.m2/repository/com/google/errorprone/error_prone_annotations/2.21.1/error_prone_annotations-2.21.1.jar:/var/lib/jenkins/.m2/repository/org/webjars/npm/bootstrap/5.2.3/bootstrap-5.2.3.jar:/var/lib/jenkins/.m2/repository/org/webjars/npm/font-awesome/4.7.0/font-awesome-4.7.0.jar:/var/lib/jenkins/.m2/repository/org/springframework/boot/spring-boot-devtools/3.1.3/spring-boot-devtools-3.1.3.jar:/var/lib/jenkins/.m2/repository/org/springframework/boot/spring-boot/3.1.3/spring-boot-3.1.3.jar:/var/lib/jenkins/.m2/repository/org/springframework/boot/spring-boot-autoconfigure/3.1.3/spring-boot-autoconfigure-3.1.3.jar:/var/lib/jenkins/.m2/repository/org/springframework/boot/spring-boot-testcontainers/3.1.3/spring-boot-testcontainers-3.1.3.jar:/var/lib/jenkins/.m2/repository/org/testcontainers/testcontainers/1.18.3/testcontainers-1.18.3.jar:/var/lib/jenkins/.m2/repository/junit/junit/4.13.2/junit-4.13.2.jar:/var/lib/jenkins/.m2/repository/org/hamcrest/hamcrest-core/2.2/hamcrest-core-2.2.jar:/var/lib/jenkins/.m2/repository/org/apache/commons/commons-compress/1.23.0/commons-compress-1.23.0.jar:/var/lib/jenkins/.m2/repository/org/rnorth/duct-tape/duct-tape/1.0.8/duct-tape-1.0.8.jar:/var/lib/jenkins/.m2/repository/org/jetbrains/annotations/17.0.0/annotations-17.0.0.jar:/var/lib/jenkins/.m2/repository/com/github/docker-java/docker-java-api/3.3.0/docker-java-api-3.3.0.jar:/var/lib/jenkins/.m2/repository/com/github/docker-java/docker-java-transport-zerodep/3.3.0/docker-java-transport-zerodep-3.3.0.jar:/var/lib/jenkins/.m2/repository/com/github/docker-java/docker-java-transport/3.3.0/docker-java-transport-3.3.0.jar:/var/lib/jenkins/.m2/repository/net/java/dev/jna/jna/5.12.1/jna-5.12.1.jar:/var/lib/jenkins/.m2/repository/org/springframework/boot/spring-boot-docker-compose/3.1.3/spring-boot-docker-compose-3.1.3.jar:/var/lib/jenkins/.m2/repository/com/fasterxml/jackson/core/jackson-databind/2.15.2/jackson-databind-2.15.2.jar:/var/lib/jenkins/.m2/repository/com/fasterxml/jackson/core/jackson-annotations/2.15.2/jackson-annotations-2.15.2.jar:/var/lib/jenkins/.m2/repository/com/fasterxml/jackson/core/jackson-core/2.15.2/jackson-core-2.15.2.jar:/var/lib/jenkins/.m2/repository/com/fasterxml/jackson/module/jackson-module-parameter-names/2.15.2/jackson-module-parameter-names-2.15.2.jar:/var/lib/jenkins/.m2/repository/org/testcontainers/junit-jupiter/1.18.3/junit-jupiter-1.18.3.jar:/var/lib/jenkins/.m2/repository/org/testcontainers/mysql/1.18.3/mysql-1.18.3.jar:/var/lib/jenkins/.m2/repository/org/testcontainers/jdbc/1.18.3/jdbc-1.18.3.jar:/var/lib/jenkins/.m2/repository/org/testcontainers/database-commons/1.18.3/database-commons-1.18.3.jar:/var/lib/jenkins/.m2/repository/jakarta/xml/bind/jakarta.xml.bind-api/4.0.0/jakarta.xml.bind-api-4.0.0.jar:/var/lib/jenkins/.m2/repository/jakarta/activation/jakarta.activation-api/2.1.2/jakarta.activation-api-2.1.2.jar:"/>
    <property name="sun.cpu.endian" value="little"/>
    <property name="user.home" value="/var/lib/jenkins"/>
    <property name="user.language" value="en"/>
    <property name="git.closest.tag.commit.count" value=""/>
    <property name="java.specification.vendor" value="Oracle Corporation"/>
    <property name="java.version.date" value="2023-08-24"/>
    <property name="java.home" value="/var/lib/jenkins/tools/hudson.model.JDK/jdk17"/>
    <property name="git.total.commit.count" value="873"/>
    <property name="file.separator" value="/"/>
    <property name="basedir" value="/var/lib/jenkins/workspace/DevOpsProject"/>
    <property name="java.vm.compressedOopsMode" value="Zero based"/>
    <property name="line.separator" value="&#10;"/>
    <property name="git.build.user.email" value=""/>
    <property name="git.commit.committer.time" value="2023-09-12T13:16:30+0100"/>
    <property name="java.specification.name" value="Java Platform API Specification"/>
    <property name="java.vm.specification.vendor" value="Oracle Corporation"/>
    <property name="FILE_LOG_CHARSET" value="UTF-8"/>
    <property name="java.awt.headless" value="true"/>
    <property name="git.closest.tag.name" value=""/>
    <property name="git.local.branch.ahead" value="NO_REMOTE"/>
    <property name="git.build.time" value="2023-05-10T08:42:50+0100"/>
    <property name="surefire.real.class.path" value="/var/lib/jenkins/workspace/DevOpsProject/target/surefire/surefirebooter-20231010164154526_3.jar"/>
    <property name="git.commit.message.full" value="Bump Spring Boot to 3.1.3"/>
    <property name="junit.platform.listeners.uid.tracking.enabled" value="true"/>
    <property name="sun.management.compiler" value="HotSpot 64-Bit Tiered Compilers"/>
    <property name="junit.platform.listeners.uid.tracking.output.dir" value="/var/lib/jenkins/workspace/DevOpsProject/target/test-ids"/>
    <property name="java.runtime.version" value="17.0.8.1+1"/>
    <property name="user.name" value="jenkins"/>
    <property name="path.separator" value=":"/>
    <property name="os.version" value="5.15.90.1-microsoft-standard-WSL2"/>
    <property name="java.runtime.name" value="OpenJDK Runtime Environment"/>
    <property name="file.encoding" value="UTF-8"/>
    <property name="git.commit.user.email" value="dsyer@vmware.com"/>
    <property name="java.vm.name" value="OpenJDK 64-Bit Server VM"/>
    <property name="java.vendor.version" value="Temurin-17.0.8.1+1"/>
    <property name="git.local.branch.behind" value="NO_REMOTE"/>
    <property name="git.dirty" value="false"/>
    <property name="localRepository" value="/var/lib/jenkins/.m2/repository"/>
    <property name="java.vendor.url.bug" value="https://github.com/adoptium/adoptium-support/issues"/>
    <property name="java.io.tmpdir" value="/tmp"/>
    <property name="catalina.home" value="/tmp/tomcat.0.1930939775928717466"/>
    <property name="com.zaxxer.hikari.pool_number" value="3"/>
    <property name="java.version" value="17.0.8.1"/>
    <property name="user.dir" value="/var/lib/jenkins/workspace/DevOpsProject"/>
    <property name="os.arch" value="amd64"/>
    <property name="git.commit.user.name" value="Dave Syer"/>
    <property name="git.commit.id.abbrev" value="923e2b7"/>
    <property name="java.vm.specification.name" value="Java Virtual Machine Specification"/>
    <property name="PID" value="4714"/>
    <property name="git.commit.id.describe-short" value="923e2b7"/>
    <property name="CONSOLE_LOG_CHARSET" value="UTF-8"/>
    <property name="git.commit.id.describe" value="923e2b7"/>
    <property name="catalina.base" value="/tmp/tomcat.0.14778882194910406799"/>
    <property name="native.encoding" value="UTF-8"/>
    <property name="java.library.path" value="/usr/java/packages/lib:/usr/lib64:/lib64:/lib:/usr/lib"/>
    <property name="git.commit.message.short" value="Bump Spring Boot to 3.1.3"/>
    <property name="java.vm.info" value="mixed mode, sharing"/>
    <property name="java.vendor" value="Eclipse Adoptium"/>
    <property name="java.vm.version" value="17.0.8.1+1"/>
    <property name="sun.io.unicode.encoding" value="UnicodeLittle"/>
    <property name="java.class.version" value="61.0"/>
    <property name="git.commit.time" value="2023-09-12T13:16:30+0100"/>
    <property name="git.remote.origin.url" value="https://github.com/ToluOlorode/spring-petclinic.git"/>
  </properties>
  <testcase name="testFindAll" classname="org.springframework.samples.petclinic.MySqlIntegrationTests" time="0.03">
    <system-out><![CDATA[2023-10-10T16:42:07.223+01:00  INFO 4714 --- [           main] t.c.s.AnnotationConfigContextLoaderUtils : Could not detect default configuration classes for test class [org.springframework.samples.petclinic.MySqlIntegrationTests]: MySqlIntegrationTests does not declare any static, non-private, non-final, nested classes annotated with @Configuration.
2023-10-10T16:42:07.231+01:00  INFO 4714 --- [           main] .b.t.c.SpringBootTestContextBootstrapper : Found @SpringBootConfiguration org.springframework.samples.petclinic.PetClinicApplication for test class org.springframework.samples.petclinic.MySqlIntegrationTests
2023-10-10T16:42:07.240+01:00  INFO 4714 --- [           main] tc.mysql:5.7                             : Creating container for image: mysql:5.7
2023-10-10T16:42:07.347+01:00  INFO 4714 --- [           main] tc.mysql:5.7                             : Container mysql:5.7 is starting: 207cf165907978612e5965810f3ef2e6b7994b4095e980917936b8f7a3d49907
2023-10-10T16:42:07.781+01:00  INFO 4714 --- [           main] tc.mysql:5.7                             : Waiting for database connection to become available at jdbc:mysql://localhost:62136/test using query 'SELECT 1'
2023-10-10T16:42:14.586+01:00  INFO 4714 --- [           main] tc.mysql:5.7                             : Container mysql:5.7 started in PT7.346279873S
2023-10-10T16:42:14.587+01:00  INFO 4714 --- [           main] tc.mysql:5.7                             : Container is started (JDBC URL: jdbc:mysql://localhost:62136/test)


              |\      _,,,--,,_
             /,`.-'`'   ._  \-;;,_
  _______ __|,4-  ) )_   .;.(__`'-'__     ___ __    _ ___ _______
 |       | '---''(_/._)-'(_\_)   |   |   |   |  |  | |   |       |
 |    _  |    ___|_     _|       |   |   |   |   |_| |   |       | __ _ _
 |   |_| |   |___  |   | |       |   |   |   |       |   |       | \ \ \ \
 |    ___|    ___| |   | |      _|   |___|   |  _    |   |      _|  \ \ \ \
 |   |   |   |___  |   | |     |_|       |   | | |   |   |     |_    ) ) ) )
 |___|   |_______| |___| |_______|_______|___|_|  |__|___|_______|  / / / /
 ==================================================================/_/_/_/

:: Built with Spring Boot :: 3.1.3


2023-10-10T16:42:14.606+01:00  INFO 4714 --- [           main] o.s.s.petclinic.MySqlIntegrationTests    : Starting MySqlIntegrationTests using Java 17.0.8.1 with PID 4714 (started by jenkins in /var/lib/jenkins/workspace/DevOpsProject)
2023-10-10T16:42:14.606+01:00  INFO 4714 --- [           main] o.s.s.petclinic.MySqlIntegrationTests    : The following 1 profile is active: "mysql"
2023-10-10T16:42:14.735+01:00  INFO 4714 --- [           main] .s.d.r.c.RepositoryConfigurationDelegate : Bootstrapping Spring Data JPA repositories in DEFAULT mode.
2023-10-10T16:42:14.739+01:00  INFO 4714 --- [           main] .s.d.r.c.RepositoryConfigurationDelegate : Finished Spring Data repository scanning in 3 ms. Found 2 JPA repository interfaces.
2023-10-10T16:42:14.791+01:00  INFO 4714 --- [           main] o.s.b.w.embedded.tomcat.TomcatWebServer  : Tomcat initialized with port(s): 0 (http)
2023-10-10T16:42:14.791+01:00  INFO 4714 --- [           main] o.apache.catalina.core.StandardService   : Starting service [Tomcat]
2023-10-10T16:42:14.791+01:00  INFO 4714 --- [           main] o.apache.catalina.core.StandardEngine    : Starting Servlet engine: [Apache Tomcat/10.1.12]
2023-10-10T16:42:14.798+01:00  INFO 4714 --- [           main] o.a.c.c.C.[Tomcat-3].[localhost].[/]     : Initializing Spring embedded WebApplicationContext
2023-10-10T16:42:14.798+01:00  INFO 4714 --- [           main] w.s.c.ServletWebServerApplicationContext : Root WebApplicationContext: initialization completed in 190 ms
2023-10-10T16:42:14.834+01:00  INFO 4714 --- [           main] com.zaxxer.hikari.HikariDataSource       : HikariPool-3 - Starting...
2023-10-10T16:42:15.007+01:00  INFO 4714 --- [           main] com.zaxxer.hikari.pool.HikariPool        : HikariPool-3 - Added connection com.mysql.cj.jdbc.ConnectionImpl@1226c080
2023-10-10T16:42:15.007+01:00  INFO 4714 --- [           main] com.zaxxer.hikari.HikariDataSource       : HikariPool-3 - Start completed.
2023-10-10T16:42:15.190+01:00  INFO 4714 --- [           main] o.hibernate.jpa.internal.util.LogHelper  : HHH000204: Processing PersistenceUnitInfo [name: default]
2023-10-10T16:42:15.192+01:00  INFO 4714 --- [           main] o.h.b.i.BytecodeProviderInitiator        : HHH000021: Bytecode provider name : bytebuddy
2023-10-10T16:42:15.193+01:00  INFO 4714 --- [           main] o.s.o.j.p.SpringPersistenceUnitInfo      : No LoadTimeWeaver setup: ignoring JPA class transformer
2023-10-10T16:42:15.220+01:00  INFO 4714 --- [           main] o.h.b.i.BytecodeProviderInitiator        : HHH000021: Bytecode provider name : bytebuddy
2023-10-10T16:42:15.316+01:00  INFO 4714 --- [           main] o.h.e.t.j.p.i.JtaPlatformInitiator       : HHH000490: Using JtaPlatform implementation: [org.hibernate.engine.transaction.jta.platform.internal.NoJtaPlatform]
2023-10-10T16:42:15.316+01:00  INFO 4714 --- [           main] j.LocalContainerEntityManagerFactoryBean : Initialized JPA EntityManagerFactory for persistence unit 'default'
2023-10-10T16:42:15.322+01:00  INFO 4714 --- [           main] tc.mysql:5.7                             : Creating container for image: mysql:5.7
2023-10-10T16:42:15.360+01:00  INFO 4714 --- [           main] tc.mysql:5.7                             : Container mysql:5.7 is starting: 9c567166a578be0bb632bedf00ee6e9af82393aae50322c5b90ffdafb139c195
2023-10-10T16:42:15.759+01:00  INFO 4714 --- [           main] tc.mysql:5.7                             : Waiting for database connection to become available at jdbc:mysql://localhost:62143/test using query 'SELECT 1'
2023-10-10T16:42:22.501+01:00  INFO 4714 --- [           main] tc.mysql:5.7                             : Container mysql:5.7 started in PT7.179540823S
2023-10-10T16:42:22.502+01:00  INFO 4714 --- [           main] tc.mysql:5.7                             : Container is started (JDBC URL: jdbc:mysql://localhost:62143/test)
2023-10-10T16:42:22.635+01:00  INFO 4714 --- [           main] o.s.b.a.e.web.EndpointLinksResolver      : Exposing 13 endpoint(s) beneath base path '/actuator'
2023-10-10T16:42:22.651+01:00  INFO 4714 --- [           main] o.s.b.w.embedded.tomcat.TomcatWebServer  : Tomcat started on port(s): 44805 (http) with context path ''
2023-10-10T16:42:22.655+01:00  INFO 4714 --- [           main] o.s.s.petclinic.MySqlIntegrationTests    : Started MySqlIntegrationTests in 8.063 seconds (process running for 28.102)
]]></system-out>
  </testcase>
  <testcase name="testOwnerDetails" classname="org.springframework.samples.petclinic.MySqlIntegrationTests" time="0.041">
    <system-out><![CDATA[2023-10-10T16:42:22.690+01:00  INFO 4714 --- [o-auto-4-exec-1] o.a.c.c.C.[Tomcat-3].[localhost].[/]     : Initializing Spring DispatcherServlet 'dispatcherServlet'
2023-10-10T16:42:22.690+01:00  INFO 4714 --- [o-auto-4-exec-1] o.s.web.servlet.DispatcherServlet        : Initializing Servlet 'dispatcherServlet'
2023-10-10T16:42:22.691+01:00  INFO 4714 --- [o-auto-4-exec-1] o.s.web.servlet.DispatcherServlet        : Completed initialization in 1 ms
]]></system-out>
  </testcase>
</testsuite>